<?xml version="1.0" encoding="UTF-8"?>
<testng-results skipped="0" failed="0" ignored="0" total="1" passed="1">
  <reporter-output>
  </reporter-output>
  <suite name="Default suite" duration-ms="31105" started-at="2019-09-12T13:38:56Z" finished-at="2019-09-12T13:39:27Z">
    <groups>
    </groups>
    <test name="Default test" duration-ms="31105" started-at="2019-09-12T13:38:56Z" finished-at="2019-09-12T13:39:27Z">
      <class name="org.atmecs.practo.testscripts.PractoHome">
        <test-method status="PASS" signature="setup()[pri:0, instance:org.atmecs.practo.testscripts.PractoHome@3bfdc050]" name="setup" is-config="true" duration-ms="7338" started-at="2019-09-12T13:38:56Z" finished-at="2019-09-12T13:39:03Z">
          <reporter-output>
          </reporter-output>
        </test-method> <!-- setup -->
        <test-method status="PASS" signature="practohome(java.lang.String, java.lang.String, java.lang.String, java.lang.String, java.lang.String, java.lang.String, java.lang.String, java.lang.String, java.lang.String, java.lang.String)[pri:0, instance:org.atmecs.practo.testscripts.PractoHome@3bfdc050]" name="practohome" duration-ms="22498" started-at="2019-09-12T13:39:05Z" data-provider="pharmacy" finished-at="2019-09-12T13:39:27Z">
          <params>
            <param index="0">
              <value>
                <![CDATA[https://www.practo.com/health-products/pain-relief/l]]>
              </value>
            </param>
            <param index="1">
              <value>
                <![CDATA[B-Protin Powder Chocolate 200 g]]>
              </value>
            </param>
            <param index="2">
              <value>
                <![CDATA[229]]>
              </value>
            </param>
            <param index="3">
              <value>
                <![CDATA[1]]>
              </value>
            </param>
            <param index="4">
              <value>
                <![CDATA[Apollo Pharmacy Slim Choice Shake Strawberry 500g]]>
              </value>
            </param>
            <param index="5">
              <value>
                <![CDATA[495]]>
              </value>
            </param>
            <param index="6">
              <value>
                <![CDATA[1]]>
              </value>
            </param>
            <param index="7">
              <value>
                <![CDATA[724]]>
              </value>
            </param>
            <param index="8">
              <value>
                <![CDATA[495]]>
              </value>
            </param>
            <param index="9">
              <value>
                <![CDATA[Apollo Pharmacy Slimchoice Shake Strawberry Flavour Powder]]>
              </value>
            </param>
          </params>
          <reporter-output>
          </reporter-output>
        </test-method> <!-- practohome -->
      </class> <!-- org.atmecs.practo.testscripts.PractoHome -->
    </test> <!-- Default test -->
  </suite> <!-- Default suite -->
</testng-results>
